<?xml version="1.0" encoding="utf-8"?><testsuites name="pytest tests"><testsuite name="pytest" errors="0" failures="0" skipped="1" tests="4" time="1.751" timestamp="2026-08-17T09:19:39.761636+00:00" hostname="agent-env-92952370-c241-481a-bf6b-3d6c8723edc0"><testcase classname="tests.test_image_tools" name="test_compress_jpg_reduces_size" time="0.483" /><testcase classname="tests.test_image_tools" name="test_compress_rejects_non_image" time="0.246" /><testcase classname="tests.test_image_tools" name="test_compress_max_width_resizes" time="0.497" /><testcase classname="tests.test_image_tools" name="test_remove_bg" time="0.000"><skipped type="pytest.skip" message="remove.bg quota limited; validated separately by main agent">/app/backend/tests/test_image_tools.py:60: remove.bg quota limited; validated separately by main agent</skipped></testcase></testsuite></testsuites>