<?xml version="1.0" encoding="utf-8"?><testsuites name="pytest tests"><testsuite name="pytest" errors="0" failures="0" skipped="0" tests="3" time="2.553" timestamp="2026-08-17T09:50:32.790393+00:00" hostname="agent-env-92952370-c241-481a-bf6b-3d6c8723edc0"><testcase classname="tests.test_pdf_to_word_download.TestPdfToExcel" name="test_scan_pdf_to_xlsx" time="1.285" /><testcase classname="tests.test_pdf_to_word_download.TestPdfToWord" name="test_text_pdf_download_headers_and_validity" time="1.297" /><testcase classname="tests.test_pdf_to_word_download.TestPdfToWord" name="test_scan_pdf_download_headers_and_validity" time="0.652" /></testsuite></testsuites>