<?xml version="1.0" encoding="utf-8"?><testsuites name="pytest tests"><testsuite name="pytest" errors="0" failures="0" skipped="0" tests="6" time="3.631" timestamp="2026-08-17T08:57:19.175998+00:00" hostname="agent-env-92952370-c241-481a-bf6b-3d6c8723edc0"><testcase classname="tests.test_pdf_tools" name="test_health" time="0.245" /><testcase classname="tests.test_pdf_tools" name="test_pdf_to_word_text" time="0.656" /><testcase classname="tests.test_pdf_tools" name="test_pdf_to_word_scanned_ocr" time="0.737" /><testcase classname="tests.test_pdf_tools" name="test_pdf_to_excel_scanned_ocr" time="1.117" /><testcase classname="tests.test_pdf_tools" name="test_protect_pdf" time="0.160" /><testcase classname="tests.test_pdf_tools" name="test_repair_pdf" time="0.193" /></testsuite></testsuites>